13:25:13.052 [main] %-51evel api.test.UserTests - **** creating user ****
13:25:15.948 [main] %-51evel api.test.UserTests - **** User is created ****
13:25:15.965 [main] %-51evel api.test.UserTests - **** Reading user info ****
13:25:16.544 [main] %-51evel api.test.UserTests - **** User info is displayed ****
13:25:16.571 [main] %-51evel api.test.UserTests - **** Updating user ****
13:25:17.733 [main] %-51evel api.test.UserTests - **** User is updated ****
13:25:17.758 [main] %-51evel api.test.UserTests - **** Deleting the user ****
13:25:18.253 [main] %-51evel api.test.UserTests - **** User is deleted ****
13:28:15.629 [main] %-51evel api.test.UserTests - **** creating user ****
13:28:18.538 [main] %-51evel api.test.UserTests - **** User is created ****
13:28:18.563 [main] %-51evel api.test.UserTests - **** Reading user info ****
13:28:19.159 [main] %-51evel api.test.UserTests - **** User info is displayed ****
13:28:19.183 [main] %-51evel api.test.UserTests - **** Updating user ****
13:28:20.253 [main] %-51evel api.test.UserTests - **** User is updated ****
13:28:20.277 [main] %-51evel api.test.UserTests - **** Deleting the user ****
13:28:20.795 [main] %-51evel api.test.UserTests - **** User is deleted ****
13:29:58.278 [main] %-51evel api.test.UserTests - **** creating user ****
13:30:01.166 [main] %-51evel api.test.UserTests - **** User is created ****
13:30:01.190 [main] %-51evel api.test.UserTests - **** Reading user info ****
13:30:01.768 [main] %-51evel api.test.UserTests - **** User info is displayed ****
13:30:01.784 [main] %-51evel api.test.UserTests - **** Updating user ****
13:30:02.827 [main] %-51evel api.test.UserTests - **** User is updated ****
13:30:02.841 [main] %-51evel api.test.UserTests - **** Deleting the user ****
13:30:03.313 [main] %-51evel api.test.UserTests - **** User is deleted ****
14:36:43.501 [main] %-51evel api.test.UserTests - **** creating user ****
14:36:46.533 [main] %-51evel api.test.UserTests - **** User is created ****
14:36:46.557 [main] %-51evel api.test.UserTests - **** Reading user info ****
14:36:47.135 [main] %-51evel api.test.UserTests - **** User info is displayed ****
14:36:47.149 [main] %-51evel api.test.UserTests - **** Updating user ****
14:36:48.209 [main] %-51evel api.test.UserTests - **** User is updated ****
14:36:48.225 [main] %-51evel api.test.UserTests - **** Deleting the user ****
14:36:48.721 [main] %-51evel api.test.UserTests - **** User is deleted ****
14:43:55.256 [main] %-51evel api.test.UserTests - **** creating user ****
14:43:58.223 [main] %-51evel api.test.UserTests - **** User is created ****
14:43:58.239 [main] %-51evel api.test.UserTests - **** Reading user info ****
14:43:58.817 [main] %-51evel api.test.UserTests - **** User info is displayed ****
14:43:58.827 [main] %-51evel api.test.UserTests - **** Updating user ****
14:43:59.884 [main] %-51evel api.test.UserTests - **** User is updated ****
14:43:59.893 [main] %-51evel api.test.UserTests - **** Deleting the user ****
14:44:00.383 [main] %-51evel api.test.UserTests - **** User is deleted ****
15:07:35.768 [main] %-51evel api.test.UserTests - **** creating user ****
15:07:38.703 [main] %-51evel api.test.UserTests - **** User is created ****
15:07:38.717 [main] %-51evel api.test.UserTests - **** Reading user info ****
15:07:39.293 [main] %-51evel api.test.UserTests - **** User info is displayed ****
15:07:39.305 [main] %-51evel api.test.UserTests - **** Updating user ****
15:07:40.375 [main] %-51evel api.test.UserTests - **** User is updated ****
15:07:40.384 [main] %-51evel api.test.UserTests - **** Deleting the user ****
15:07:40.907 [main] %-51evel api.test.UserTests - **** User is deleted ****
08:54:17.936 [main] %-51evel api.test.UserTests - **** creating user ****
08:54:22.429 [main] %-51evel api.test.UserTests - **** User is created ****
08:54:22.472 [main] %-51evel api.test.UserTests - **** Reading user info ****
08:54:23.534 [main] %-51evel api.test.UserTests - **** User info is displayed ****
08:54:23.570 [main] %-51evel api.test.UserTests - **** Updating user ****
08:54:25.014 [main] %-51evel api.test.UserTests - **** User is updated ****
08:54:25.039 [main] %-51evel api.test.UserTests - **** Deleting the user ****
08:54:25.898 [main] %-51evel api.test.UserTests - **** User is deleted ****
08:58:41.134 [main] %-51evel api.test.UserTests - **** creating user ****
08:58:45.582 [main] %-51evel api.test.UserTests - **** User is created ****
08:58:45.615 [main] %-51evel api.test.UserTests - **** Reading user info ****
08:58:46.565 [main] %-51evel api.test.UserTests - **** User info is displayed ****
08:58:46.590 [main] %-51evel api.test.UserTests - **** Updating user ****
08:58:48.188 [main] %-51evel api.test.UserTests - **** User is updated ****
08:58:48.202 [main] %-51evel api.test.UserTests - **** Deleting the user ****
08:58:49.074 [main] %-51evel api.test.UserTests - **** User is deleted ****
09:43:58.510 [main] %-51evel api.test.UserTests - **** creating user ****
09:44:02.993 [main] %-51evel api.test.UserTests - **** User is created ****
09:44:03.031 [main] %-51evel api.test.UserTests - **** Reading user info ****
09:44:03.746 [main] %-51evel api.test.UserTests - **** User info is displayed ****
09:44:03.758 [main] %-51evel api.test.UserTests - **** Updating user ****
09:44:04.933 [main] %-51evel api.test.UserTests - **** User is updated ****
09:44:04.946 [main] %-51evel api.test.UserTests - **** Deleting the user ****
09:44:05.490 [main] %-51evel api.test.UserTests - **** User is deleted ****
09:50:25.848 [main] %-51evel api.test.UserTests - **** creating user ****
09:50:30.059 [main] %-51evel api.test.UserTests - **** User is created ****
09:50:30.078 [main] %-51evel api.test.UserTests - **** Reading user info ****
09:50:30.807 [main] %-51evel api.test.UserTests - **** User info is displayed ****
09:50:30.823 [main] %-51evel api.test.UserTests - **** Updating user ****
09:50:32.026 [main] %-51evel api.test.UserTests - **** User is updated ****
09:50:32.039 [main] %-51evel api.test.UserTests - **** Deleting the user ****
09:50:32.565 [main] %-51evel api.test.UserTests - **** User is deleted ****
09:52:58.957 [main] %-51evel api.test.UserTests - **** creating user ****
09:53:03.111 [main] %-51evel api.test.UserTests - **** User is created ****
09:53:03.136 [main] %-51evel api.test.UserTests - **** Reading user info ****
09:53:03.851 [main] %-51evel api.test.UserTests - **** User info is displayed ****
09:53:03.878 [main] %-51evel api.test.UserTests - **** Updating user ****
09:53:05.105 [main] %-51evel api.test.UserTests - **** User is updated ****
09:53:05.117 [main] %-51evel api.test.UserTests - **** Deleting the user ****
09:53:05.665 [main] %-51evel api.test.UserTests - **** User is deleted ****
09:58:05.189 [main] %-51evel api.test.UserTests - **** creating user ****
09:58:09.370 [main] %-51evel api.test.UserTests - **** User is created ****
09:58:09.426 [main] %-51evel api.test.UserTests - **** Reading user info ****
09:58:10.110 [main] %-51evel api.test.UserTests - **** User info is displayed ****
09:58:10.134 [main] %-51evel api.test.UserTests - **** Updating user ****
09:58:11.381 [main] %-51evel api.test.UserTests - **** User is updated ****
09:58:11.400 [main] %-51evel api.test.UserTests - **** Deleting the user ****
09:58:11.895 [main] %-51evel api.test.UserTests - **** User is deleted ****
10:04:32.951 [main] %-51evel api.test.UserTests - **** creating user ****
10:04:37.048 [main] %-51evel api.test.UserTests - **** User is created ****
10:04:37.071 [main] %-51evel api.test.UserTests - **** Reading user info ****
10:04:37.817 [main] %-51evel api.test.UserTests - **** User info is displayed ****
10:04:37.833 [main] %-51evel api.test.UserTests - **** Updating user ****
10:04:39.132 [main] %-51evel api.test.UserTests - **** User is updated ****
10:04:39.146 [main] %-51evel api.test.UserTests - **** Deleting the user ****
10:04:39.670 [main] %-51evel api.test.UserTests - **** User is deleted ****
10:05:41.944 [main] %-51evel api.test.UserTests - **** creating user ****
10:05:45.956 [main] %-51evel api.test.UserTests - **** User is created ****
10:05:46.031 [main] %-51evel api.test.UserTests - **** Reading user info ****
10:05:47.057 [main] %-51evel api.test.UserTests - **** User info is displayed ****
10:05:47.079 [main] %-51evel api.test.UserTests - **** Updating user ****
10:05:48.220 [main] %-51evel api.test.UserTests - **** User is updated ****
10:05:48.236 [main] %-51evel api.test.UserTests - **** Deleting the user ****
10:05:48.739 [main] %-51evel api.test.UserTests - **** User is deleted ****
10:08:23.502 [main] %-51evel api.test.UserTests - **** creating user ****
10:08:27.714 [main] %-51evel api.test.UserTests - **** User is created ****
10:08:27.752 [main] %-51evel api.test.UserTests - **** Reading user info ****
10:08:28.591 [main] %-51evel api.test.UserTests - **** User info is displayed ****
10:08:28.609 [main] %-51evel api.test.UserTests - **** Updating user ****
10:08:29.954 [main] %-51evel api.test.UserTests - **** User is updated ****
10:08:29.972 [main] %-51evel api.test.UserTests - **** Deleting the user ****
10:08:30.496 [main] %-51evel api.test.UserTests - **** User is deleted ****
10:12:45.573 [main] %-51evel api.test.UserTests - **** creating user ****
10:12:49.930 [main] %-51evel api.test.UserTests - **** User is created ****
10:12:49.960 [main] %-51evel api.test.UserTests - **** Reading user info ****
10:12:50.643 [main] %-51evel api.test.UserTests - **** User info is displayed ****
10:12:50.659 [main] %-51evel api.test.UserTests - **** Updating user ****
10:12:51.784 [main] %-51evel api.test.UserTests - **** User is updated ****
10:12:51.799 [main] %-51evel api.test.UserTests - **** Deleting the user ****
10:12:52.398 [main] %-51evel api.test.UserTests - **** User is deleted ****
10:13:36.328 [main] %-51evel api.test.UserTests - **** creating user ****
10:13:40.298 [main] %-51evel api.test.UserTests - **** User is created ****
10:13:40.374 [main] %-51evel api.test.UserTests - **** Reading user info ****
10:13:41.012 [main] %-51evel api.test.UserTests - **** User info is displayed ****
10:13:41.045 [main] %-51evel api.test.UserTests - **** Updating user ****
10:13:42.244 [main] %-51evel api.test.UserTests - **** User is updated ****
10:13:42.273 [main] %-51evel api.test.UserTests - **** Deleting the user ****
10:13:42.819 [main] %-51evel api.test.UserTests - **** User is deleted ****
10:14:11.147 [main] %-51evel api.test.UserTests - **** creating user ****
10:14:15.316 [main] %-51evel api.test.UserTests - **** User is created ****
10:14:15.344 [main] %-51evel api.test.UserTests - **** Reading user info ****
10:14:15.971 [main] %-51evel api.test.UserTests - **** User info is displayed ****
10:14:15.991 [main] %-51evel api.test.UserTests - **** Updating user ****
10:14:17.116 [main] %-51evel api.test.UserTests - **** User is updated ****
10:14:17.130 [main] %-51evel api.test.UserTests - **** Deleting the user ****
10:14:17.725 [main] %-51evel api.test.UserTests - **** User is deleted ****
